# JRE version: OpenJDK Runtime Environment (8.0_152-b01) (build 1.8.0_152-release-915-b01)
# Java VM: OpenJDK 64-Bit Server VM (25.152-b01 mixed mode windows-amd64 compressed oops)
Heap:
 PSYoungGen      total 377856K, used 307712K [0x000000076ab00000, 0x0000000787100000, 0x00000007c0000000)
  eden space 307712K, 100% used [0x000000076ab00000,0x000000077d780000,0x000000077d780000)
  from space 70144K, 0% used [0x0000000781e80000,0x0000000781e80000,0x0000000786300000)
  to   space 72704K, 0% used [0x000000077d780000,0x000000077d780000,0x0000000781e80000)
 ParOldGen       total 172032K, used 171964K [0x00000006c0000000, 0x000000076ab00000, 0x000000076ab00000)
  object space 172032K, 99% used [0x00000006c0000000,0x00000006ca7ef1c0,0x00000006ca800000)
 Metaspace       used 6757K, capacity 7320K, committed 7680K, reserved 1056768K
  class space    used 620K, capacity 656K, committed 768K, reserved 1048576K
GC Heap History (10 events):
Event: 238.912 GC heap after
Heap after GC invocations=269 (full 259):
 PSYoungGen      total 377856K, used 307711K [0x000000076ab00000, 0x0000000787100000, 0x00000007c0000000)
  eden space 307712K, 99% used [0x000000076ab00000,0x000000077d77ff18,0x000000077d780000)
  from space 70144K, 0% used [0x0000000781e80000,0x0000000781e80000,0x0000000786300000)
  to   space 72704K, 0% used [0x000000077d780000,0x000000077d780000,0x0000000781e80000)
 ParOldGen       total 172032K, used 171958K [0x00000006c0000000, 0x00000006ca800000, 0x000000076ab00000)
  object space 172032K, 99% used [0x00000006c0000000,0x00000006ca7edbe0,0x00000006ca800000)
 Metaspace       used 6757K, capacity 7320K, committed 7680K, reserved 1056768K
  class space    used 620K, capacity 656K, committed 768K, reserved 1048576K
}
Event: 238.912 GC heap before
{Heap before GC invocations=270 (full 260):
 PSYoungGen      total 377856K, used 307712K [0x000000076ab00000, 0x0000000787100000, 0x00000007c0000000)
  eden space 307712K, 100% used [0x000000076ab00000,0x000000077d780000,0x000000077d780000)
  from space 70144K, 0% used [0x0000000781e80000,0x0000000781e80000,0x0000000786300000)
  to   space 72704K, 0% used [0x000000077d780000,0x000000077d780000,0x0000000781e80000)
 ParOldGen       total 172032K, used 171961K [0x00000006c0000000, 0x00000006ca800000, 0x000000076ab00000)
  object space 172032K, 99% used [0x00000006c0000000,0x00000006ca7ee5d0,0x00000006ca800000)
 Metaspace       used 6757K, capacity 7320K, committed 7680K, reserved 1056768K
  class space    used 620K, capacity 656K, committed 768K, reserved 1048576K
Event: 239.617 GC heap after
Heap after GC invocations=270 (full 260):
 PSYoungGen      total 377856K, used 307711K [0x000000076ab00000, 0x0000000787100000, 0x00000007c0000000)
  eden space 307712K, 99% used [0x000000076ab00000,0x000000077d77ff48,0x000000077d780000)
  from space 70144K, 0% used [0x0000000781e80000,0x0000000781e80000,0x0000000786300000)
  to   space 72704K, 0% used [0x000000077d780000,0x000000077d780000,0x0000000781e80000)
 ParOldGen       total 172032K, used 171961K [0x00000006c0000000, 0x00000006ca800000, 0x000000076ab00000)
  object space 172032K, 99% used [0x00000006c0000000,0x00000006ca7ee5d0,0x00000006ca800000)
 Metaspace       used 6757K, capacity 7320K, committed 7680K, reserved 1056768K
  class space    used 620K, capacity 656K, committed 768K, reserved 1048576K
}
Event: 239.617 GC heap before
{Heap before GC invocations=271 (full 261):
 PSYoungGen      total 377856K, used 307712K [0x000000076ab00000, 0x0000000787100000, 0x00000007c0000000)
  eden space 307712K, 100% used [0x000000076ab00000,0x000000077d780000,0x000000077d780000)
  from space 70144K, 0% used [0x0000000781e80000,0x0000000781e80000,0x0000000786300000)
  to   space 72704K, 0% used [0x000000077d780000,0x000000077d780000,0x0000000781e80000)
 ParOldGen       total 172032K, used 171961K [0x00000006c0000000, 0x00000006ca800000, 0x000000076ab00000)
  object space 172032K, 99% used [0x00000006c0000000,0x00000006ca7ee5d0,0x00000006ca800000)
 Metaspace       used 6757K, capacity 7320K, committed 7680K, reserved 1056768K
  class space    used 620K, capacity 656K, committed 768K, reserved 1048576K
Event: 240.324 GC heap after
Heap after GC invocations=271 (full 261):
 PSYoungGen      total 377856K, used 307711K [0x000000076ab00000, 0x0000000787100000, 0x00000007c0000000)
  eden space 307712K, 99% used [0x000000076ab00000,0x000000077d77ffd0,0x000000077d780000)
  from space 70144K, 0% used [0x0000000781e80000,0x0000000781e80000,0x0000000786300000)
  to   space 72704K, 0% used [0x000000077d780000,0x000000077d780000,0x0000000781e80000)
 ParOldGen       total 172032K, used 171961K [0x00000006c0000000, 0x00000006ca800000, 0x000000076ab00000)
  object space 172032K, 99% used [0x00000006c0000000,0x00000006ca7ee5d0,0x00000006ca800000)
 Metaspace       used 6757K, capacity 7320K, committed 7680K, reserved 1056768K
  class space    used 620K, capacity 656K, committed 768K, reserved 1048576K
}
Event: 240.324 GC heap before
{Heap before GC invocations=272 (full 262):
 PSYoungGen      total 377856K, used 307712K [0x000000076ab00000, 0x0000000787100000, 0x00000007c0000000)
  eden space 307712K, 100% used [0x000000076ab00000,0x000000077d780000,0x000000077d780000)
  from space 70144K, 0% used [0x0000000781e80000,0x0000000781e80000,0x0000000786300000)
  to   space 72704K, 0% used [0x000000077d780000,0x000000077d780000,0x0000000781e80000)
 ParOldGen       total 172032K, used 171961K [0x00000006c0000000, 0x00000006ca800000, 0x000000076ab00000)
  object space 172032K, 99% used [0x00000006c0000000,0x00000006ca7ee5d0,0x00000006ca800000)
 Metaspace       used 6757K, capacity 7320K, committed 7680K, reserved 1056768K
  class space    used 620K, capacity 656K, committed 768K, reserved 1048576K
Event: 241.129 GC heap after
Heap after GC invocations=272 (full 262):
 PSYoungGen      total 377856K, used 307712K [0x000000076ab00000, 0x0000000787100000, 0x00000007c0000000)
  eden space 307712K, 100% used [0x000000076ab00000,0x000000077d780000,0x000000077d780000)
  from space 70144K, 0% used [0x0000000781e80000,0x0000000781e80000,0x0000000786300000)
  to   space 72704K, 0% used [0x000000077d780000,0x000000077d780000,0x0000000781e80000)
 ParOldGen       total 172032K, used 171961K [0x00000006c0000000, 0x00000006ca800000, 0x000000076ab00000)
  object space 172032K, 99% used [0x00000006c0000000,0x00000006ca7ee5d0,0x00000006ca800000)
 Metaspace       used 6757K, capacity 7320K, committed 7680K, reserved 1056768K
  class space    used 620K, capacity 656K, committed 768K, reserved 1048576K
}
Event: 241.129 GC heap before
{Heap before GC invocations=273 (full 263):
 PSYoungGen      total 377856K, used 307712K [0x000000076ab00000, 0x0000000787100000, 0x00000007c0000000)
  eden space 307712K, 100% used [0x000000076ab00000,0x000000077d780000,0x000000077d780000)
  from space 70144K, 0% used [0x0000000781e80000,0x0000000781e80000,0x0000000786300000)
  to   space 72704K, 0% used [0x000000077d780000,0x000000077d780000,0x0000000781e80000)
 ParOldGen       total 172032K, used 171962K [0x00000006c0000000, 0x00000006ca800000, 0x000000076ab00000)
  object space 172032K, 99% used [0x00000006c0000000,0x00000006ca7eebd0,0x00000006ca800000)
 Metaspace       used 6757K, capacity 7320K, committed 7680K, reserved 1056768K
  class space    used 620K, capacity 656K, committed 768K, reserved 1048576K
Event: 241.977 GC heap after
Heap after GC invocations=273 (full 263):
 PSYoungGen      total 377856K, used 307712K [0x000000076ab00000, 0x0000000787100000, 0x00000007c0000000)
  eden space 307712K, 100% used [0x000000076ab00000,0x000000077d780000,0x000000077d780000)
  from space 70144K, 0% used [0x0000000781e80000,0x0000000781e80000,0x0000000786300000)
  to   space 72704K, 0% used [0x000000077d780000,0x000000077d780000,0x0000000781e80000)
 ParOldGen       total 172032K, used 171962K [0x00000006c0000000, 0x00000006ca800000, 0x000000076ab00000)
  object space 172032K, 99% used [0x00000006c0000000,0x00000006ca7eebc0,0x00000006ca800000)
 Metaspace       used 6757K, capacity 7320K, committed 7680K, reserved 1056768K
  class space    used 620K, capacity 656K, committed 768K, reserved 1048576K
}
Event: 241.977 GC heap before
{Heap before GC invocations=274 (full 264):
 PSYoungGen      total 377856K, used 307712K [0x000000076ab00000, 0x0000000787100000, 0x00000007c0000000)
  eden space 307712K, 100% used [0x000000076ab00000,0x000000077d780000,0x000000077d780000)
  from space 70144K, 0% used [0x0000000781e80000,0x0000000781e80000,0x0000000786300000)
  to   space 72704K, 0% used [0x000000077d780000,0x000000077d780000,0x0000000781e80000)
 ParOldGen       total 172032K, used 171964K [0x00000006c0000000, 0x00000006ca800000, 0x000000076ab00000)
  object space 172032K, 99% used [0x00000006c0000000,0x00000006ca7ef1c0,0x00000006ca800000)
 Metaspace       used 6757K, capacity 7320K, committed 7680K, reserved 1056768K
  class space    used 620K, capacity 656K, committed 768K, reserved 1048576K

